**
(SIMC2026_Submission_Q1_Q2_Q3.tex
LaTeX2e <2021-11-15> patch level 1
L3 programming layer <2022-02-24> (article.cls
Document Class: article 2021/10/04 v1.4n Standard LaTeX document class
(size12.clo
File: size12.clo 2021/10/04 v1.4n Standard LaTeX file (size option)
)
\c@part=\count181
\c@section=\count182
\c@subsection=\count183
\c@subsubsection=\count184
\c@paragraph=\count185
\c@subparagraph=\count186
\c@figure=\count187
\c@table=\count188
\abovecaptionskip=\skip47
\belowcaptionskip=\skip48
\bibindent=\dimen138
) (geometry.sty
Package: geometry 2020/01/02 v5.9 Page Geometry
 (keyval.sty
Package: keyval 2014/10/28 v1.15 key=value parser (DPC)
\KV@toks@=\toks16
) (ifvtex.sty
Package: ifvtex 2019/10/25 v1.7 ifvtex legacy package. Use iftex instead.
 (iftex.sty
Package: iftex 2022/02/03 v1.0f TeX engine tests
))
\Gm@cnth=\count189
\Gm@cntv=\count190
\c@Gm@tempcnt=\count191
\Gm@bindingoffset=\dimen139
\Gm@wd@mp=\dimen140
\Gm@odd@mp=\dimen141
\Gm@even@mp=\dimen142
\Gm@layoutwidth=\dimen143
\Gm@layoutheight=\dimen144
\Gm@layouthoffset=\dimen145
\Gm@layoutvoffset=\dimen146
\Gm@dimlist=\toks17
) (amsmath.sty
Package: amsmath 2021/10/15 v2.17l AMS math features
\@mathmargin=\skip49
For additional information on amsmath, use the `?' option.
(amstext.sty
Package: amstext 2021/08/26 v2.01 AMS text
 (amsgen.sty
File: amsgen.sty 1999/11/30 v2.0 generic functions
\@emptytoks=\toks18
\ex@=\dimen147
)) (amsbsy.sty
Package: amsbsy 1999/11/29 v1.2d Bold Symbols
\pmbraise@=\dimen148
) (amsopn.sty
Package: amsopn 2021/08/26 v2.02 operator names
)
\inf@bad=\count192
LaTeX Info: Redefining \frac on input line 234.
\uproot@=\count193
\leftroot@=\count194
LaTeX Info: Redefining \overline on input line 399.
\classnum@=\count195
\DOTSCASE@=\count196
LaTeX Info: Redefining \ldots on input line 496.
LaTeX Info: Redefining \dots on input line 499.
LaTeX Info: Redefining \cdots on input line 620.
\Mathstrutbox@=\box50
\strutbox@=\box51
\big@size=\dimen149
LaTeX Font Info:    Redeclaring font encoding OML on input line 743.
LaTeX Font Info:    Redeclaring font encoding OMS on input line 744.
\macc@depth=\count197
\c@MaxMatrixCols=\count198
\dotsspace@=\muskip16
\c@parentequation=\count199
\dspbrk@lvl=\count266
\tag@help=\toks19
\row@=\count267
\column@=\count268
\maxfields@=\count269
\andhelp@=\toks20
\eqnshift@=\dimen150
\alignsep@=\dimen151
\tagshift@=\dimen152
\tagwidth@=\dimen153
\totwidth@=\dimen154
\lineht@=\dimen155
\@envbody=\toks21
\multlinegap=\skip50
\multlinetaggap=\skip51
\mathdisplay@stack=\toks22
LaTeX Info: Redefining \[ on input line 2938.
LaTeX Info: Redefining \] on input line 2939.
) (amsthm.sty
Package: amsthm 2020/05/29 v2.20.6
\thm@style=\toks23
\thm@bodyfont=\toks24
\thm@headfont=\toks25
\thm@notefont=\toks26
\thm@headpunct=\toks27
\thm@preskip=\skip52
\thm@postskip=\skip53
\thm@headsep=\skip54
\dth@everypar=\toks28
)
(newtxtext.sty
Package: newtxtext 2022/02/28 v1.71(Michael Sharpe) latex and unicode latex sup
port for TeXGyreTermesX

`newtxtext' v1.71, 2022/02/28 Text macros taking advantage of TeXGyre Termes an
d its extensions (msharpe) (xkeyval.sty
Package: xkeyval 2020/11/20 v2.8 package option processing (HA)
 (xkeyval (xkvutils
\XKV@toks=\toks29
\XKV@tempa@toks=\toks30
)
\XKV@depth=\count270
File: xkeyval.tex 2014/12/03 v2.7a key=value parser (HA)
)) (etoolbox.sty
Package: etoolbox 2020/10/05 v2.5k e-TeX tools for LaTeX (JAW)
\etb@tempcnta=\count271
)
(textcomp.sty
Package: textcomp 2020/02/02 v2.0n Standard LaTeX package
) (xstring.sty (xstring.tex
\integerpart=\count272
\decimalpart=\count273
)
Package: xstring 2021/07/21 v1.84 String manipulations (CT)
) (ifthen.sty
Package: ifthen 2020/11/24 v1.1c Standard LaTeX ifthen package (DPC)
) (scalefnt.sty)
LaTeX Font Info:    Setting ntxLF sub-encoding to TS1/0 on input line 21.
LaTeX Font Info:    Setting ntxTLF sub-encoding to TS1/0 on input line 21.
LaTeX Font Info:    Setting ntxOsF sub-encoding to TS1/0 on input line 21.
LaTeX Font Info:    Setting ntxTOsF sub-encoding to TS1/0 on input line 21.
 (binhex)
\ntx@tmpcnta=\count274
\ntx@cnt=\count275
ntx@otftexttrue
(fontspec.sty (xparse.sty (expl3.sty
Package: expl3 2022-02-24 L3 programming layer (loader) 
 (l3backend-xetex.def
File: l3backend-xetex.def 2022-02-07 L3 backend support: XeTeX
\c__kernel_sys_dvipdfmx_version_int=\count276
\l__color_backend_stack_int=\count277
\g__color_backend_stack_int=\count278
\g__graphics_track_int=\count279
\l__pdf_internal_box=\box52
\g__pdf_backend_object_int=\count280
\g__pdf_backend_annotation_int=\count281
\g__pdf_backend_link_int=\count282
))
Package: xparse 2022-01-12 L3 Experimental document command parser
)
Package: fontspec 2022/01/15 v2.8a Font selection for XeLaTeX and LuaLaTeX

(fontspec-xetex.sty
Package: fontspec-xetex 2022/01/15 v2.8a Font selection for XeLaTeX and LuaLaTe
X
\l__fontspec_script_int=\count283
\l__fontspec_language_int=\count284
\l__fontspec_strnum_int=\count285
\l__fontspec_tmp_int=\count286
\l__fontspec_tmpa_int=\count287
\l__fontspec_tmpb_int=\count288
\l__fontspec_tmpc_int=\count289
\l__fontspec_em_int=\count290
\l__fontspec_emdef_int=\count291
\l__fontspec_strong_int=\count292
\l__fontspec_strongdef_int=\count293
\l__fontspec_tmpa_dim=\dimen156
\l__fontspec_tmpb_dim=\dimen157
\l__fontspec_tmpc_dim=\dimen158
 (fontenc.sty
Package: fontenc 2021/04/29 v2.0v Standard LaTeX package
) (fontspec.cfg)))
LaTeX Info: Redefining \oldstylenums on input line 479.
LaTeX Info: Redefining \liningnums on input line 483.
 (realscripts.sty
Package: realscripts 2016/02/13 v0.3d Access OpenType subscripts and superscrip
ts
\subsupersep=\dimen159
))
(newtxmath.sty
Package: newtxmath 2022/01/16 v1.71

`newtxmath' v1.71, 2022/01/16 Math macros based originally on txfonts (msharpe)
(ifxetex.sty
Package: ifxetex 2019/10/25 v0.7 ifxetex legacy package. Use iftex instead.
) (ifluatex.sty
Package: ifluatex 2019/10/25 v1.5 ifluatex legacy package. Use iftex instead.
) (centernot.sty
Package: centernot 2016/05/16 v1.4 Centers the not symbol horizontally (HO)
)
\tx@cntz=\count294
 (binhex)
\tx@Isdigit=\count295
\tx@IsAlNum=\count296
\tx@tA=\toks31
\tx@tB=\toks32
\tx@su=\read2

amsthm NOT loaded
LaTeX Font Info:    Redeclaring symbol font `operators' on input line 376.
LaTeX Font Info:    Overwriting symbol font `operators' in version `normal'
(Font)                  OT1/cmr/m/n --> OT1/minntx/m/n on input line 376.
LaTeX Font Info:    Overwriting symbol font `operators' in version `bold'
(Font)                  OT1/cmr/bx/n --> OT1/minntx/m/n on input line 376.
LaTeX Font Info:    Overwriting symbol font `operators' in version `bold'
(Font)                  OT1/minntx/m/n --> OT1/minntx/b/n on input line 377.
LaTeX Font Info:    Redeclaring math alphabet \mathsf on input line 383.
LaTeX Font Info:    Overwriting math alphabet `\mathsf' in version `normal'
(Font)                  OT1/cmss/m/n --> TU/lmss/m/n on input line 383.
LaTeX Font Info:    Overwriting math alphabet `\mathsf' in version `bold'
(Font)                  OT1/cmss/bx/n --> TU/lmss/m/n on input line 383.
LaTeX Font Info:    Redeclaring math alphabet \mathit on input line 384.
LaTeX Font Info:    Overwriting math alphabet `\mathit' in version `normal'
(Font)                  OT1/cmr/m/it --> OT1/minntx/m/it on input line 384.
LaTeX Font Info:    Overwriting math alphabet `\mathit' in version `bold'
(Font)                  OT1/cmr/bx/it --> OT1/minntx/m/it on input line 384.
LaTeX Font Info:    Redeclaring math alphabet \mathtt on input line 385.
LaTeX Font Info:    Overwriting math alphabet `\mathtt' in version `normal'
(Font)                  OT1/cmtt/m/n --> TU/lmtt/m/n on input line 385.
LaTeX Font Info:    Overwriting math alphabet `\mathtt' in version `bold'
(Font)                  OT1/cmtt/m/n --> TU/lmtt/m/n on input line 385.
LaTeX Font Info:    Redeclaring math alphabet \mathbf on input line 387.
LaTeX Font Info:    Overwriting math alphabet `\mathbf' in version `normal'
(Font)                  OT1/cmr/bx/n --> OT1/minntx/b/n on input line 387.
LaTeX Font Info:    Overwriting math alphabet `\mathbf' in version `bold'
(Font)                  OT1/cmr/bx/n --> OT1/minntx/b/n on input line 387.
LaTeX Font Info:    Overwriting math alphabet `\mathit' in version `bold'
(Font)                  OT1/minntx/m/it --> OT1/minntx/b/it on input line 388.
LaTeX Font Info:    Overwriting math alphabet `\mathsf' in version `bold'
(Font)                  TU/lmss/m/n --> TU/lmss/b/n on input line 389.
LaTeX Font Info:    Overwriting math alphabet `\mathtt' in version `bold'
(Font)                  TU/lmtt/m/n --> TU/lmtt/b/n on input line 390.
LaTeX Font Info:    Redeclaring symbol font `letters' on input line 491.
LaTeX Font Info:    Overwriting symbol font `letters' in version `normal'
(Font)                  OML/cmm/m/it --> OML/ntxmi/m/it on input line 491.
LaTeX Font Info:    Overwriting symbol font `letters' in version `bold'
(Font)                  OML/cmm/b/it --> OML/ntxmi/m/it on input line 491.
LaTeX Font Info:    Overwriting symbol font `letters' in version `bold'
(Font)                  OML/ntxmi/m/it --> OML/ntxmi/b/it on input line 492.
\symlettersA=\mathgroup4
LaTeX Font Info:    Overwriting symbol font `lettersA' in version `bold'
(Font)                  U/ntxmia/m/it --> U/ntxmia/b/it on input line 547.
LaTeX Font Info:    Redeclaring symbol font `symbols' on input line 568.
LaTeX Font Info:    Encoding `OMS' has changed to `LMS' for symbol font
(Font)              `symbols' in the math version `normal' on input line 568.
LaTeX Font Info:    Overwriting symbol font `symbols' in version `normal'
(Font)                  OMS/cmsy/m/n --> LMS/ntxsy/m/n on input line 568.
LaTeX Font Info:    Encoding `OMS' has changed to `LMS' for symbol font
(Font)              `symbols' in the math version `bold' on input line 568.
LaTeX Font Info:    Overwriting symbol font `symbols' in version `bold'
(Font)                  OMS/cmsy/b/n --> LMS/ntxsy/m/n on input line 568.
LaTeX Font Info:    Overwriting symbol font `symbols' in version `bold'
(Font)                  LMS/ntxsy/m/n --> LMS/ntxsy/b/n on input line 569.
\symAMSm=\mathgroup5
LaTeX Font Info:    Overwriting symbol font `AMSm' in version `bold'
(Font)                  U/ntxsym/m/n --> U/ntxsym/b/n on input line 594.
\symsymbolsC=\mathgroup6
LaTeX Font Info:    Overwriting symbol font `symbolsC' in version `bold'
(Font)                  U/ntxsyc/m/n --> U/ntxsyc/b/n on input line 615.
LaTeX Font Info:    Redeclaring symbol font `largesymbols' on input line 628.
LaTeX Font Info:    Encoding `OMX' has changed to `LMX' for symbol font
(Font)              `largesymbols' in the math version `normal' on input line 6
28.
LaTeX Font Info:    Overwriting symbol font `largesymbols' in version `normal'
(Font)                  OMX/cmex/m/n --> LMX/ntxexx/m/n on input line 628.
LaTeX Font Info:    Encoding `OMX' has changed to `LMX' for symbol font
(Font)              `largesymbols' in the math version `bold' on input line 628
.
LaTeX Font Info:    Overwriting symbol font `largesymbols' in version `bold'
(Font)                  OMX/cmex/m/n --> LMX/ntxexx/m/n on input line 628.
LaTeX Font Info:    Overwriting symbol font `largesymbols' in version `bold'
(Font)                  LMX/ntxexx/m/n --> LMX/ntxexx/b/n on input line 629.
\symlargesymbolsTXA=\mathgroup7
LaTeX Font Info:    Overwriting symbol font `largesymbolsTXA' in version `bold'

(Font)                  U/ntxexa/m/n --> U/ntxexa/b/n on input line 643.
\tx@sbptoks=\toks33
LaTeX Font Info:    Redeclaring math delimiter \lfloor on input line 866.
LaTeX Font Info:    Redeclaring math delimiter \rfloor on input line 867.
LaTeX Font Info:    Redeclaring math delimiter \lceil on input line 868.
LaTeX Font Info:    Redeclaring math delimiter \rceil on input line 869.
LaTeX Font Info:    Redeclaring math delimiter \lbrace on input line 870.
LaTeX Font Info:    Redeclaring math delimiter \rbrace on input line 871.
LaTeX Font Info:    Redeclaring math delimiter \langle on input line 872.
LaTeX Font Info:    Redeclaring math delimiter \rangle on input line 874.
LaTeX Font Info:    Redeclaring math delimiter \arrowvert on input line 878.
LaTeX Font Info:    Redeclaring math delimiter \vert on input line 879.
LaTeX Font Info:    Redeclaring math symbol \hbar on input line 925.
LaTeX Font Info:    Redeclaring math accent \dot on input line 950.
LaTeX Font Info:    Redeclaring math accent \ddot on input line 951.
LaTeX Font Info:    Redeclaring math accent \vec on input line 2020.
LaTeX Info: Redefining \Bbbk on input line 2810.
LaTeX Info: Redefining \not on input line 2959.
LaTeX Info: Redefining \textsquare on input line 2989.
LaTeX Info: Redefining \openbox on input line 2991.
) (bm.sty
Package: bm 2021/04/25 v1.2e Bold Symbol Support (DPC/FMi)
\symboldoperators=\mathgroup8
\symboldletters=\mathgroup9
\symboldsymbols=\mathgroup10
\symboldlargesymbols=\mathgroup11
LaTeX Font Info:    Redeclaring math alphabet \mathbf on input line 149.
) (graphicx.sty
Package: graphicx 2021/09/16 v1.2d Enhanced LaTeX Graphics (DPC,SPQR)
 (graphics.sty
Package: graphics 2021/03/04 v1.4d Standard LaTeX Graphics (DPC,SPQR)
 (trig.sty
Package: trig 2021/08/11 v1.11 sin cos tan (DPC)
) (graphics.cfg
File: graphics.cfg 2016/06/04 v1.11 sample graphics configuration
)
Package graphics Info: Driver file: xetex.def on input line 107.
 (xetex.def
File: xetex.def 2021/03/18 v5.0k Graphics/color driver for xetex
))
\Gin@req@height=\dimen160
\Gin@req@width=\dimen161
)
(wrapfig.sty
\wrapoverhang=\dimen162
\WF@size=\dimen163
\c@WF@wrappedlines=\count297
\WF@box=\box53
\WF@everypar=\toks34
Package: wrapfig 2003/01/31  v 3.6
) (booktabs.sty
Package: booktabs 2020/01/12 v1.61803398 Publication quality tables
\heavyrulewidth=\dimen164
\lightrulewidth=\dimen165
\cmidrulewidth=\dimen166
\belowrulesep=\dimen167
\belowbottomsep=\dimen168
\aboverulesep=\dimen169
\abovetopsep=\dimen170
\cmidrulesep=\dimen171
\cmidrulekern=\dimen172
\defaultaddspace=\dimen173
\@cmidla=\count298
\@cmidlb=\count299
\@aboverulesep=\dimen174
\@belowrulesep=\dimen175
\@thisruleclass=\count300
\@lastruleclass=\count301
\@thisrulewidth=\dimen176
) (array.sty
Package: array 2021/10/04 v2.5f Tabular extension package (FMi)
\col@sep=\dimen177
\ar@mcellbox=\box54
\extrarowheight=\dimen178
\NC@list=\toks35
\extratabsurround=\skip55
\backup@length=\skip56
\ar@cellbox=\box55
) (xcolor.sty
Package: xcolor 2021/10/31 v2.13 LaTeX color extensions (UK)
 (color.cfg
File: color.cfg 2016/01/02 v1.6 sample color configuration
)
Package xcolor Info: Driver file: xetex.def on input line 227.
Package xcolor Info: Model `cmy' substituted by `cmy0' on input line 1352.
Package xcolor Info: Model `RGB' extended on input line 1368.
Package xcolor Info: Model `HTML' substituted by `rgb' on input line 1370.
Package xcolor Info: Model `Hsb' substituted by `hsb' on input line 1371.
Package xcolor Info: Model `tHsb' substituted by `hsb' on input line 1372.
Package xcolor Info: Model `HSB' substituted by `hsb' on input line 1373.
Package xcolor Info: Model `Gray' substituted by `gray' on input line 1374.
Package xcolor Info: Model `wave' substituted by `hsb' on input line 1375.
) (titlesec.sty
Package: titlesec 2021/07/05 v2.14 Sectioning titles
\ttl@box=\box56
\beforetitleunit=\skip57
\aftertitleunit=\skip58
\ttl@plus=\dimen179
\ttl@minus=\dimen180
\ttl@toksa=\toks36
\titlewidth=\dimen181
\titlewidthlast=\dimen182
\titlewidthfirst=\dimen183
) (fancyhdr.sty
Package: fancyhdr 2021/01/28 v4.0.1 Extensive control of page headers and foote
rs
\f@nch@headwidth=\skip59
\f@nch@O@elh=\skip60
\f@nch@O@erh=\skip61
\f@nch@O@olh=\skip62
\f@nch@O@orh=\skip63
\f@nch@O@elf=\skip64
\f@nch@O@erf=\skip65
\f@nch@O@olf=\skip66
\f@nch@O@orf=\skip67
) (enumitem.sty
Package: enumitem 2019/06/20 v3.9 Customized lists
\labelindent=\skip68
\enit@outerparindent=\dimen184
\enit@toks=\toks37
\enit@inbox=\box57
\enit@count@id=\count302
\enitdp@description=\count303
) (caption.sty
Package: caption 2022/03/01 v3.6b Customizing captions (AR)
 (caption3.sty
Package: caption3 2022/03/17 v2.3b caption3 kernel (AR)
\caption@tempdima=\dimen185
\captionmargin=\dimen186
\caption@leftmargin=\dimen187
\caption@rightmargin=\dimen188
\caption@width=\dimen189
\caption@indent=\dimen190
\caption@parindent=\dimen191
\caption@hangindent=\dimen192
Package caption Info: Standard document class detected.
)
\c@caption@flags=\count304
\c@continuedfloat=\count305
Package caption Info: wrapfig package is loaded.
) (listings.sty
\lst@mode=\count306
\lst@gtempboxa=\box58
\lst@token=\toks38
\lst@length=\count307
\lst@currlwidth=\dimen193
\lst@column=\count308
\lst@pos=\count309
\lst@lostspace=\dimen194
\lst@width=\dimen195
\lst@newlines=\count310
\lst@lineno=\count311
\lst@maxwidth=\dimen196

(lstmisc.sty
File: lstmisc.sty 2020/03/24 1.8d (Carsten Heinz)
\c@lstnumber=\count312
\lst@skipnumbers=\count313
\lst@framebox=\box59
) (listings.cfg
File: listings.cfg 2020/03/24 1.8d listings configuration
))
Package: listings 2020/03/24 1.8d (Carsten Heinz)
 (microtype.sty
Package: microtype 2022/03/14 v3.0d Micro-typographical refinements (RS)
\MT@toks=\toks39
\MT@tempbox=\box60
\MT@count=\count314
LaTeX Info: Redefining \noprotrusionifhmode on input line 1027.
LaTeX Info: Redefining \leftprotrusion on input line 1028.
LaTeX Info: Redefining \rightprotrusion on input line 1036.
LaTeX Info: Redefining \textls on input line 1195.
\MT@outer@kern=\dimen197
LaTeX Info: Redefining \textmicrotypecontext on input line 1781.
\MT@listname@count=\count315
 (microtype-xetex.def
File: microtype-xetex.def 2022/03/14 v3.0d Definitions specific to xetex (RS)
LaTeX Info: Redefining \lsstyle on input line 236.
)
Package microtype Info: Loading configuration file microtype.cfg.

(microtype.cfg
File: microtype.cfg 2022/03/14 v3.0d microtype main configuration file (RS)
)) (hyperref.sty
Package: hyperref 2022-02-21 v7.00n Hypertext links for LaTeX
 (ltxcmds.sty
Package: ltxcmds 2020-05-10 v1.25 LaTeX kernel commands for general use (HO)
) (pdftexcmds.sty
Package: pdftexcmds 2020-06-27 v0.33 Utility functions of pdfTeX for LuaTeX (HO
)
 (infwarerr.sty
Package: infwarerr 2019/12/03 v1.5 Providing info/warning/error messages (HO)
)
Package pdftexcmds Info: \pdf@primitive is available.
Package pdftexcmds Info: \pdf@ifprimitive is available.
Package pdftexcmds Info: \pdfdraftmode not found.
)
(kvsetkeys.sty
Package: kvsetkeys 2019/12/15 v1.18 Key value parser (HO)
) (kvdefinekeys.sty
Package: kvdefinekeys 2019-12-19 v1.6 Define keys (HO)
) (pdfescape.sty
Package: pdfescape 2019/12/09 v1.15 Implements pdfTeX's escape features (HO)
) (hycolor.sty
Package: hycolor 2020-01-27 v1.10 Color options for hyperref/bookmark (HO)
)
(letltxmacro.sty
Package: letltxmacro 2019/12/03 v1.6 Let assignment for LaTeX macros (HO)
) (auxhook.sty
Package: auxhook 2019-12-17 v1.6 Hooks for auxiliary files (HO)
) (kvoptions.sty
Package: kvoptions 2020-10-07 v3.14 Key value format for package options (HO)
)
\@linkdim=\dimen198
\Hy@linkcounter=\count316
\Hy@pagecounter=\count317
 (pd1enc.def
File: pd1enc.def 2022-02-21 v7.00n Hyperref: PDFDocEncoding definition (HO)
) (intcalc.sty
Package: intcalc 2019/12/15 v1.3 Expandable calculations with integers (HO)
)
(etexcmds.sty
Package: etexcmds 2019/12/15 v1.7 Avoid name clashes with e-TeX commands (HO)
)
\Hy@SavedSpaceFactor=\count318
 (puenc.def
File: puenc.def 2022-02-21 v7.00n Hyperref: PDF Unicode definition (HO)
)
Package hyperref Info: Hyper figures OFF on input line 4137.
Package hyperref Info: Link nesting OFF on input line 4142.
Package hyperref Info: Hyper index ON on input line 4145.
Package hyperref Info: Plain pages OFF on input line 4152.
Package hyperref Info: Backreferencing OFF on input line 4157.
Package hyperref Info: Implicit mode ON; LaTeX internals redefined.
Package hyperref Info: Bookmarks ON on input line 4390.
\c@Hy@tempcnt=\count319
 (url.sty
\Urlmuskip=\muskip17
Package: url 2013/09/16  ver 3.4  Verb mode for urls, etc.
)
LaTeX Info: Redefining \url on input line 4749.
\XeTeXLinkMargin=\dimen199
Requested font "pzdr" at 0.00002pt
 -> pzdr
 (bitset.sty
Package: bitset 2019/12/09 v1.3 Handle bit-vector datatype (HO)
 (bigintcalc.sty
Package: bigintcalc 2019/12/15 v1.5 Expandable calculations on big integers (HO
)
))
\Fld@menulength=\count320
\Field@Width=\dimen256
\Fld@charsize=\dimen257
Package hyperref Info: Hyper figures OFF on input line 6027.
Package hyperref Info: Link nesting OFF on input line 6032.
Package hyperref Info: Hyper index ON on input line 6035.
Package hyperref Info: backreferencing OFF on input line 6042.
Package hyperref Info: Link coloring OFF on input line 6047.
Package hyperref Info: Link coloring with OCG OFF on input line 6052.
Package hyperref Info: PDF/A mode OFF on input line 6057.
LaTeX Info: Redefining \ref on input line 6097.
LaTeX Info: Redefining \pageref on input line 6101.

(atbegshi-ltx.sty
Package: atbegshi-ltx 2021/01/10 v1.0c Emulation of the original atbegshi
package with kernel methods
)
\Hy@abspage=\count321
\c@Item=\count322
\c@Hfootnote=\count323
)
Package hyperref Info: Driver (autodetected): hxetex.
 (hxetex.def
File: hxetex.def 2022-02-21 v7.00n Hyperref driver for XeTeX
 (stringenc.sty
Package: stringenc 2019/11/29 v1.12 Convert strings between diff. encodings (HO
)
)
\pdfm@box=\box61
\c@Hy@AnnotLevel=\count324
\HyField@AnnotCount=\count325
\Fld@listcount=\count326
\c@bookmark@seq@number=\count327
 (rerunfilecheck.sty
Package: rerunfilecheck 2019/12/05 v1.9 Rerun checks for auxiliary files (HO)

(atveryend-ltx.sty
Package: atveryend-ltx 2020/08/19 v1.0a Emulation of the original atveryend pac
kage
with kernel methods
) (uniquecounter.sty
Package: uniquecounter 2019/12/15 v1.4 Provide unlimited unique counter (HO)
)
Package uniquecounter Info: New unique counter `rerunfilecheck' on input line 2
86.
)
\Hy@SectionHShift=\skip69
) (tcolorbox.sty
Package: tcolorbox 2022/01/07 version 5.0.2 text color boxes
 (pgf.sty (pgfrcs.sty
(pgfutil-common.tex
\pgfutil@everybye=\toks40
\pgfutil@tempdima=\dimen258
\pgfutil@tempdimb=\dimen259
 (pgfutil-common-lists.tex)) (pgfutil-latex.def
\pgfutil@abb=\box62
)
(pgfrcs.code.tex (pgf.revision.tex)
Package: pgfrcs 2021/05/15 v3.1.9a (3.1.9a)
))
Package: pgf 2021/05/15 v3.1.9a (3.1.9a)
 (pgfcore.sty (pgfsys.sty (pgfsys.code.tex
Package: pgfsys 2021/05/15 v3.1.9a (3.1.9a)
(pgfkeys.code.tex
\pgfkeys@pathtoks=\toks41
\pgfkeys@temptoks=\toks42
 (pgfkeysfiltered.code.tex
\pgfkeys@tmptoks=\toks43
))
\pgf@x=\dimen260
\pgf@y=\dimen261
\pgf@xa=\dimen262
\pgf@ya=\dimen263
\pgf@xb=\dimen264
\pgf@yb=\dimen265
\pgf@xc=\dimen266
\pgf@yc=\dimen267
\pgf@xd=\dimen268
\pgf@yd=\dimen269
\w@pgf@writea=\write3
\r@pgf@reada=\read3
\c@pgf@counta=\count328
\c@pgf@countb=\count329
\c@pgf@countc=\count330
\c@pgf@countd=\count331
\t@pgf@toka=\toks44
\t@pgf@tokb=\toks45
\t@pgf@tokc=\toks46
\pgf@sys@id@count=\count332
 (pgf.cfg
File: pgf.cfg 2021/05/15 v3.1.9a (3.1.9a)
)
Driver file for pgf: pgfsys-xetex.def
 (pgfsys-xetex.def
File: pgfsys-xetex.def 2021/05/15 v3.1.9a (3.1.9a)

(pgfsys-dvipdfmx.def
File: pgfsys-dvipdfmx.def 2021/05/15 v3.1.9a (3.1.9a)
 (pgfsys-common-pdf.def
File: pgfsys-common-pdf.def 2021/05/15 v3.1.9a (3.1.9a)
)
\pgfsys@objnum=\count333
))) (pgfsyssoftpath.code.tex
File: pgfsyssoftpath.code.tex 2021/05/15 v3.1.9a (3.1.9a)
\pgfsyssoftpath@smallbuffer@items=\count334
\pgfsyssoftpath@bigbuffer@items=\count335
)
(pgfsysprotocol.code.tex
File: pgfsysprotocol.code.tex 2021/05/15 v3.1.9a (3.1.9a)
)) (pgfcore.code.tex
Package: pgfcore 2021/05/15 v3.1.9a (3.1.9a)
 (pgfmath.code.tex
(pgfmathcalc.code.tex (pgfmathutil.code.tex) (pgfmathparser.code.tex
\pgfmath@dimen=\dimen270
\pgfmath@count=\count336
\pgfmath@box=\box63
\pgfmath@toks=\toks47
\pgfmath@stack@operand=\toks48
\pgfmath@stack@operation=\toks49
)
(pgfmathfunctions.code.tex (pgfmathfunctions.basic.code.tex)
(pgfmathfunctions.trigonometric.code.tex) (pgfmathfunctions.random.code.tex)
(pgfmathfunctions.comparison.code.tex) (pgfmathfunctions.base.code.tex)
(pgfmathfunctions.round.code.tex) (pgfmathfunctions.misc.code.tex)
(pgfmathfunctions.integerarithmetics.code.tex))) (pgfmathfloat.code.tex
\c@pgfmathroundto@lastzeros=\count337
))
(pgfint.code.tex) (pgfcorepoints.code.tex
File: pgfcorepoints.code.tex 2021/05/15 v3.1.9a (3.1.9a)
\pgf@picminx=\dimen271
\pgf@picmaxx=\dimen272
\pgf@picminy=\dimen273
\pgf@picmaxy=\dimen274
\pgf@pathminx=\dimen275
\pgf@pathmaxx=\dimen276
\pgf@pathminy=\dimen277
\pgf@pathmaxy=\dimen278
\pgf@xx=\dimen279
\pgf@xy=\dimen280
\pgf@yx=\dimen281
\pgf@yy=\dimen282
\pgf@zx=\dimen283
\pgf@zy=\dimen284
) (pgfcorepathconstruct.code.tex
File: pgfcorepathconstruct.code.tex 2021/05/15 v3.1.9a (3.1.9a)
\pgf@path@lastx=\dimen285
\pgf@path@lasty=\dimen286
)
(pgfcorepathusage.code.tex
File: pgfcorepathusage.code.tex 2021/05/15 v3.1.9a (3.1.9a)
\pgf@shorten@end@additional=\dimen287
\pgf@shorten@start@additional=\dimen288
) (pgfcorescopes.code.tex
File: pgfcorescopes.code.tex 2021/05/15 v3.1.9a (3.1.9a)
\pgfpic=\box64
\pgf@hbox=\box65
\pgf@layerbox@main=\box66
\pgf@picture@serial@count=\count338
)
(pgfcoregraphicstate.code.tex
File: pgfcoregraphicstate.code.tex 2021/05/15 v3.1.9a (3.1.9a)
\pgflinewidth=\dimen289
) (pgfcoretransformations.code.tex
File: pgfcoretransformations.code.tex 2021/05/15 v3.1.9a (3.1.9a)
\pgf@pt@x=\dimen290
\pgf@pt@y=\dimen291
\pgf@pt@temp=\dimen292
)
(pgfcorequick.code.tex
File: pgfcorequick.code.tex 2021/05/15 v3.1.9a (3.1.9a)
) (pgfcoreobjects.code.tex
File: pgfcoreobjects.code.tex 2021/05/15 v3.1.9a (3.1.9a)
)
(pgfcorepathprocessing.code.tex
File: pgfcorepathprocessing.code.tex 2021/05/15 v3.1.9a (3.1.9a)
) (pgfcorearrows.code.tex
File: pgfcorearrows.code.tex 2021/05/15 v3.1.9a (3.1.9a)
\pgfarrowsep=\dimen293
)
(pgfcoreshade.code.tex
File: pgfcoreshade.code.tex 2021/05/15 v3.1.9a (3.1.9a)
\pgf@max=\dimen294
\pgf@sys@shading@range@num=\count339
\pgf@shadingcount=\count340
) (pgfcoreimage.code.tex
File: pgfcoreimage.code.tex 2021/05/15 v3.1.9a (3.1.9a)
 (pgfcoreexternal.code.tex
File: pgfcoreexternal.code.tex 2021/05/15 v3.1.9a (3.1.9a)
\pgfexternal@startupbox=\box67
))
(pgfcorelayers.code.tex
File: pgfcorelayers.code.tex 2021/05/15 v3.1.9a (3.1.9a)
) (pgfcoretransparency.code.tex
File: pgfcoretransparency.code.tex 2021/05/15 v3.1.9a (3.1.9a)
)
(pgfcorepatterns.code.tex
File: pgfcorepatterns.code.tex 2021/05/15 v3.1.9a (3.1.9a)
) (pgfcorerdf.code.tex
File: pgfcorerdf.code.tex 2021/05/15 v3.1.9a (3.1.9a)
))) (pgfmoduleshapes.code.tex
File: pgfmoduleshapes.code.tex 2021/05/15 v3.1.9a (3.1.9a)
\pgfnodeparttextbox=\box68
)
(pgfmoduleplot.code.tex
File: pgfmoduleplot.code.tex 2021/05/15 v3.1.9a (3.1.9a)
) (pgfcomp-version-0-65.sty
Package: pgfcomp-version-0-65 2021/05/15 v3.1.9a (3.1.9a)
\pgf@nodesepstart=\dimen295
\pgf@nodesepend=\dimen296
) (pgfcomp-version-1-18.sty
Package: pgfcomp-version-1-18 2021/05/15 v3.1.9a (3.1.9a)
)) (verbatim.sty
Package: verbatim 2020-07-07 v1.5u LaTeX2e package for verbatim enhancements
\every@verbatim=\toks50
\verbatim@line=\toks51
\verbatim@in@stream=\read4
) (environ.sty
Package: environ 2014/05/04 v0.3 A new way to define environments
 (trimspaces.sty
Package: trimspaces 2009/09/17 v1.1 Trim spaces around a token list
))
\tcb@titlebox=\box69
\tcb@upperbox=\box70
\tcb@lowerbox=\box71
\tcb@phantombox=\box72
\c@tcbbreakpart=\count341
\c@tcblayer=\count342
\c@tcolorbox@number=\count343
\tcb@temp=\box73
\tcb@temp=\box74
\tcb@temp=\box75
\tcb@temp=\box76
 (tcbraster.code.tex
Library (tcolorbox): 'tcbraster.code.tex' version '5.0.2'
\c@tcbrastercolumn=\count344
\c@tcbrasterrow=\count345
\c@tcbrasternum=\count346
\c@tcbraster=\count347
) (tcbskins.code.tex
Library (tcolorbox): 'tcbskins.code.tex' version '5.0.2'
(tikz.sty (pgffor.sty (pgfkeys.sty (pgfkeys.code.tex)) (pgfmath.sty
(pgfmath.code.tex)) (pgffor.code.tex
Package: pgffor 2021/05/15 v3.1.9a (3.1.9a)
 (pgfmath.code.tex)
\pgffor@iter=\dimen297
\pgffor@skip=\dimen298
\pgffor@stack=\toks52
\pgffor@toks=\toks53
)) (tikz.code.tex
Package: tikz 2021/05/15 v3.1.9a (3.1.9a)

(pgflibraryplothandlers.code.tex
File: pgflibraryplothandlers.code.tex 2021/05/15 v3.1.9a (3.1.9a)
\pgf@plot@mark@count=\count348
\pgfplotmarksize=\dimen299
)
\tikz@lastx=\dimen300
\tikz@lasty=\dimen301
\tikz@lastxsaved=\dimen302
\tikz@lastysaved=\dimen303
\tikz@lastmovetox=\dimen304
\tikz@lastmovetoy=\dimen305
\tikzleveldistance=\dimen306
\tikzsiblingdistance=\dimen307
\tikz@figbox=\box77
\tikz@figbox@bg=\box78
\tikz@tempbox=\box79
\tikz@tempbox@bg=\box80
\tikztreelevel=\count349
\tikznumberofchildren=\count350
\tikznumberofcurrentchild=\count351
\tikz@fig@count=\count352
 (pgfmodulematrix.code.tex
File: pgfmodulematrix.code.tex 2021/05/15 v3.1.9a (3.1.9a)
\pgfmatrixcurrentrow=\count353
\pgfmatrixcurrentcolumn=\count354
\pgf@matrix@numberofcolumns=\count355
)
\tikz@expandcount=\count356

(tikzlibrarytopaths.code.tex
File: tikzlibrarytopaths.code.tex 2021/05/15 v3.1.9a (3.1.9a)
)))
\tcb@waterbox=\box81
 (tcbskinsjigsaw.code.tex
Library (tcolorbox): 'tcbskinsjigsaw.code.tex' version '5.0.2'
)) (tcbbreakable.code.tex
Library (tcolorbox): 'tcbbreakable.code.tex' version '5.0.2'
(pdfcol.sty
Package: pdfcol 2019/12/29 v1.6 Handle new color stacks for pdfTeX (HO)
Package pdfcol Info: Interface disabled because of missing PDF mode of pdfTeX.
)
Package pdfcol Info: pdfTeX's color stacks are not available.
\tcb@testbox=\box82
\tcb@totalupperbox=\box83
\tcb@totallowerbox=\box84
) (tcbhooks.code.tex
Library (tcolorbox): 'tcbhooks.code.tex' version '5.0.2'
) (tcbtheorems.code.tex
Library (tcolorbox): 'tcbtheorems.code.tex' version '5.0.2'
) (tcbfitting.code.tex
Library (tcolorbox): 'tcbfitting.code.tex' version '5.0.2'
\tcbfitdim=\dimen308
\tcb@lowerfitdim=\dimen309
\tcb@upperfitdim=\dimen310
\tcb@cur@hbadness=\count357
) (tcbxparse.code.tex
Library (tcolorbox): 'tcbxparse.code.tex' version '5.0.2'
) (tcblistingsutf8.code.tex
Library (tcolorbox): 'tcblistingsutf8.code.tex' version '5.0.2'
(tcblistings.code.tex
Library (tcolorbox): 'tcblistings.code.tex' version '5.0.2'
(tcblistingscore.code.tex
Library (tcolorbox): 'tcblistingscore.code.tex' version '5.0.2'
(tcbprocessing.code.tex
Library (tcolorbox): 'tcbprocessing.code.tex' version '5.0.2'
(shellesc.sty
Package: shellesc 2019/11/08 v1.0c unified shell escape interface for LaTeX


Package shellesc Warning: Shell escape disabled on input line 73.

))
\c@tcblisting=\count358
))
Package tcolorbox Info: Library `listingsutf8' is compatible with pdftex only. 
Library `listings` is loaded instead. on input line 29.
) (tcbexternal.code.tex
Library (tcolorbox): 'tcbexternal.code.tex' version '5.0.2'
) (tcbmagazine.code.tex
Library (tcolorbox): 'tcbmagazine.code.tex' version '5.0.2'
) (tcbvignette.code.tex
Library (tcolorbox): 'tcbvignette.code.tex' version '5.0.2'
(tikzlibraryfadings.code.tex
File: tikzlibraryfadings.code.tex 2021/05/15 v3.1.9a (3.1.9a)
 (pgflibraryfadings.code.tex
File: pgflibraryfadings.code.tex 2021/05/15 v3.1.9a (3.1.9a)
))) (tcbposter.code.tex
Library (tcolorbox): 'tcbposter.code.tex' version '5.0.2'
)) (lstlang1.sty
File: lstlang1.sty 2020/03/24 1.8d listings language file
) (TeXGyreTermesX.fontspec)
Requested font "[TeXGyreTermesX-Regular.otf]/OT" at 11.99997pt
 -> TeXGyreTermesX-Regular.otf
Requested font "[TeXGyreTermesX-Regular.otf]/OT" at 12.00003pt
 -> TeXGyreTermesX-Regular.otf
Requested font "[TeXGyreTermesX-Regular.otf]/OT:script=latn;language=dflt;" at 
12.00003pt
 -> TeXGyreTermesX-Regular.otf
Requested font "[TeXGyreTermesX-Bold.otf]/OT:script=latn;language=dflt;" at 12.
00003pt
 -> TeXGyreTermesX-Bold.otf
Requested font "[TeXGyreTermesX-Italic.otf]/OT:script=latn;language=dflt;" at 1
2.00003pt
 -> TeXGyreTermesX-Italic.otf
Requested font "[TeXGyreTermesX-Slanted.otf]/OT:script=latn;language=dflt;" at 
12.00003pt
 -> TeXGyreTermesX-Slanted.otf
Requested font "[TeXGyreTermesX-BoldItalic.otf]/OT:script=latn;language=dflt;" 
at 12.00003pt
 -> TeXGyreTermesX-BoldItalic.otf
Requested font "[TeXGyreTermesX-BoldSlanted.otf]/OT:script=latn;language=dflt;"
 at 12.00003pt
 -> TeXGyreTermesX-BoldSlanted.otf

Package fontspec Info: Font family 'TeXGyreTermesX(0)' created for font
(fontspec)             'TeXGyreTermesX' with options [Ligatures = TeX,Scale =
(fontspec)             1,Extension = .otf,SmallCapsFeatures={RawFeature =
(fontspec)             +pcap, },RawFeature=-ss05,Ligatures=TeX,Extension =
(fontspec)             .otf,UprightFont = TeXGyreTermesX-Regular,BoldFont =
(fontspec)             TeXGyreTermesX-Bold,ItalicFont =
(fontspec)             TeXGyreTermesX-Italic,BoldItalicFont =
(fontspec)             TeXGyreTermesX-BoldItalic,SlantedFont =
(fontspec)             *-Slanted,BoldSlantedFont= *-BoldSlanted,Numbers =
(fontspec)             {Monospaced,Lining},UprightFont = *-Regular,ItalicFont
(fontspec)             = *-Italic,BoldFont = *-Bold,BoldItalicFont =
(fontspec)             *-BoldItalic,SlantedFont = *-Slanted,BoldSlantedFont=
(fontspec)             *-BoldSlanted].
(fontspec)              
(fontspec)              This font family consists of the following NFSS
(fontspec)             series/shapes:
(fontspec)              
(fontspec)             - 'normal' (m/n) with NFSS spec.:
(fontspec)             <->s*[1]"[TeXGyreTermesX-Regular.otf]/OT:script=latn;lan
guage=dflt;-ss05;+tnum;+lnum;mapping=tex-text;"
(fontspec)             - 'small caps'  (m/sc) with NFSS spec.:
(fontspec)             <->s*[1]"[TeXGyreTermesX-Regular.otf]/OT:script=latn;lan
guage=dflt;-ss05;+tnum;+lnum;+smcp;+pcap;mapping=tex-text;"
(fontspec)             - 'bold' (b/n) with NFSS spec.:
(fontspec)             <->s*[1]"[TeXGyreTermesX-Bold.otf]/OT:script=latn;langua
ge=dflt;-ss05;+tnum;+lnum;mapping=tex-text;"
(fontspec)             - 'bold small caps'  (b/sc) with NFSS spec.:
(fontspec)             <->s*[1]"[TeXGyreTermesX-Bold.otf]/OT:script=latn;langua
ge=dflt;-ss05;+tnum;+lnum;+smcp;+pcap;mapping=tex-text;"
(fontspec)             - 'italic' (m/it) with NFSS spec.:
(fontspec)             <->s*[1]"[TeXGyreTermesX-Italic.otf]/OT:script=latn;lang
uage=dflt;-ss05;+tnum;+lnum;mapping=tex-text;"
(fontspec)             - 'italic small caps'  (m/scit) with NFSS spec.:
(fontspec)             <->s*[1]"[TeXGyreTermesX-Italic.otf]/OT:script=latn;lang
uage=dflt;-ss05;+tnum;+lnum;+smcp;+pcap;mapping=tex-text;"
(fontspec)             - 'slanted' (m/sl) with NFSS spec.:
(fontspec)             <->s*[1]"[TeXGyreTermesX-Slanted.otf]/OT:script=latn;lan
guage=dflt;-ss05;+tnum;+lnum;mapping=tex-text;"
(fontspec)             - 'slanted small caps'  (m/scsl) with NFSS spec.:
(fontspec)             <->s*[1]"[TeXGyreTermesX-Slanted.otf]/OT:script=latn;lan
guage=dflt;-ss05;+tnum;+lnum;+smcp;+pcap;mapping=tex-text;"
(fontspec)             - 'bold italic' (b/it) with NFSS spec.:
(fontspec)             <->s*[1]"[TeXGyreTermesX-BoldItalic.otf]/OT:script=latn;
language=dflt;-ss05;+tnum;+lnum;mapping=tex-text;"
(fontspec)             - 'bold italic small caps'  (b/scit) with NFSS spec.:
(fontspec)             <->s*[1]"[TeXGyreTermesX-BoldItalic.otf]/OT:script=latn;
language=dflt;-ss05;+tnum;+lnum;+smcp;+pcap;mapping=tex-text;"
(fontspec)             - 'bold slanted' (b/sl) with NFSS spec.:
(fontspec)             <->s*[1]"[TeXGyreTermesX-BoldSlanted.otf]/OT:script=latn
;language=dflt;-ss05;+tnum;+lnum;mapping=tex-text;"
(fontspec)             - 'bold slanted small caps'  (b/scsl) with NFSS spec.:
(fontspec)             <->s*[1]"[TeXGyreTermesX-BoldSlanted.otf]/OT:script=latn
;language=dflt;-ss05;+tnum;+lnum;+smcp;+pcap;mapping=tex-text;"

LaTeX Font Info:    Font shape `TU/TeXGyreTermesX(0)/m/n' will be
(Font)              scaled to size 12.0pt on input line 76.
Requested font "[TeXGyreTermesX-Regular.otf]/OT:script=latn;language=dflt;-ss05
;+tnum;+lnum;mapping=tex-text;" at 12.0pt
 -> TeXGyreTermesX-Regular.otf
 (SIMC2026_Submission_Q1_Q2_Q3.aux)
\openout1 = `SIMC2026_Submission_Q1_Q2_Q3.aux'.

LaTeX Font Info:    Checking defaults for OML/ntxmi/m/it on input line 76.
LaTeX Font Info:    Trying to load font information for OML+ntxmi on input line
 76.

(omlntxmi.fd
File: omlntxmi.fd 2015/08/25 Fontinst v1.933 font definitions for OML/ntxmi.
)
LaTeX Font Info:    ... okay on input line 76.
LaTeX Font Info:    Checking defaults for OMS/cmsy/m/n on input line 76.
LaTeX Font Info:    ... okay on input line 76.
LaTeX Font Info:    Checking defaults for OT1/cmr/m/n on input line 76.
LaTeX Font Info:    ... okay on input line 76.
LaTeX Font Info:    Checking defaults for T1/cmr/m/n on input line 76.
LaTeX Font Info:    ... okay on input line 76.
LaTeX Font Info:    Checking defaults for TS1/cmr/m/n on input line 76.
LaTeX Font Info:    Trying to load font information for TS1+cmr on input line 7
6.
 (ts1cmr.fd
File: ts1cmr.fd 2019/12/16 v2.5j Standard LaTeX font definitions
)
LaTeX Font Info:    ... okay on input line 76.
LaTeX Font Info:    Checking defaults for TU/lmr/m/n on input line 76.
LaTeX Font Info:    ... okay on input line 76.
LaTeX Font Info:    Checking defaults for OMX/cmex/m/n on input line 76.
LaTeX Font Info:    ... okay on input line 76.
LaTeX Font Info:    Checking defaults for U/ntxexa/m/n on input line 76.
LaTeX Font Info:    Trying to load font information for U+ntxexa on input line 
76.
 (untxexa.fd
File: untxexa.fd 2012/04/16 Fontinst v1.933 font definitions for U/ntxexa.
)
LaTeX Font Info:    ... okay on input line 76.
LaTeX Font Info:    Checking defaults for LMS/ntxsy/m/n on input line 76.
LaTeX Font Info:    Trying to load font information for LMS+ntxsy on input line
 76.
 (lmsntxsy.fd
File: lmsntxsy.fd 2016/07/02 Fontinst v1.933 font definitions for LMS/ntxsy.
)
LaTeX Font Info:    ... okay on input line 76.
LaTeX Font Info:    Checking defaults for LMX/ntxexx/m/n on input line 76.
LaTeX Font Info:    Trying to load font information for LMX+ntxexx on input lin
e 76.
 (lmxntxexx.fd
File: lmxntxexx.fd 2016/07/03 Fontinst v1.933 font definitions for LMX/ntxexx.
)
LaTeX Font Info:    ... okay on input line 76.
LaTeX Font Info:    Checking defaults for PD1/pdf/m/n on input line 76.
LaTeX Font Info:    ... okay on input line 76.
LaTeX Font Info:    Checking defaults for PU/pdf/m/n on input line 76.
LaTeX Font Info:    ... okay on input line 76.

*geometry* driver: auto-detecting
*geometry* detected driver: xetex
*geometry* verbose mode - [ preamble ] result:
* driver: xetex
* paper: a4paper
* layout: <same size as paper>
* layoutoffset:(h,v)=(0.0pt,0.0pt)
* modes: 
* h-part:(L,W,R)=(42.67912pt, 512.14963pt, 42.67912pt)
* v-part:(T,H,B)=(42.67912pt, 759.6886pt, 42.67912pt)
* \paperwidth=597.50787pt
* \paperheight=845.04684pt
* \textwidth=512.14963pt
* \textheight=759.6886pt
* \oddsidemargin=-29.59087pt
* \evensidemargin=-29.59087pt
* \topmargin=-52.59087pt
* \headheight=14.0pt
* \headsep=9.0pt
* \topskip=12.0pt
* \footskip=14.0pt
* \marginparwidth=35.0pt
* \marginparsep=10.0pt
* \columnsep=10.0pt
* \skip\footins=10.8pt plus 4.0pt minus 2.0pt
* \hoffset=0.0pt
* \voffset=0.0pt
* \mag=1000
* \@twocolumnfalse
* \@twosidefalse
* \@mparswitchfalse
* \@reversemarginfalse
* (1in=72.27pt=25.4mm, 1cm=28.453pt)

Package caption Info: Begin \AtBeginDocument code.
Package caption Info: hyperref package is loaded.
Package caption Info: listings package is loaded.
Package caption Info: End \AtBeginDocument code.
\c@lstlisting=\count359
LaTeX Info: Redefining \microtypecontext on input line 76.
Package microtype Info: Applying patch `item' on input line 76.
Package microtype Info: Applying patch `toc' on input line 76.
Package microtype Info: Applying patch `eqnum' on input line 76.
Package microtype Info: Applying patch `footnote' on input line 76.
Package microtype Info: Character protrusion enabled (level 2).
Package microtype Info: Using default protrusion set `alltext'.
Package microtype Info: No adjustment of tracking.
Package microtype Info: No adjustment of spacing.
Package microtype Info: No adjustment of kerning.
Package microtype Info: Loading generic protrusion settings for font family
(microtype)             `TeXGyreTermesX' (encoding: TU).
(microtype)             For optimal results, create family-specific settings.
(microtype)             See the microtype manual for details.
Package hyperref Info: Link coloring OFF on input line 76.
(nameref.sty
Package: nameref 2021-04-02 v2.47 Cross-referencing by name of section
 (refcount.sty
Package: refcount 2019/12/15 v3.6 Data extraction from label references (HO)
) (gettitlestring.sty
Package: gettitlestring 2019/12/15 v1.6 Cleanup title references (HO)
)
\c@section@level=\count360
)
LaTeX Info: Redefining \ref on input line 76.
LaTeX Info: Redefining \pageref on input line 76.
LaTeX Info: Redefining \nameref on input line 76.

(SIMC2026_Submission_Q1_Q2_Q3.out) (SIMC2026_Submission_Q1_Q2_Q3.out)
\@outlinefile=\write4
\openout4 = `SIMC2026_Submission_Q1_Q2_Q3.out'.

LaTeX Font Info:    Font shape `TU/TeXGyreTermesX(0)/m/n' will be
(Font)              scaled to size 14.4pt on input line 80.
Requested font "[TeXGyreTermesX-Regular.otf]/OT:script=latn;language=dflt;-ss05
;+tnum;+lnum;mapping=tex-text;" at 14.4pt
 -> TeXGyreTermesX-Regular.otf
LaTeX Font Info:    Font shape `TU/TeXGyreTermesX(0)/b/n' will be
(Font)              scaled to size 14.4pt on input line 80.
Requested font "[TeXGyreTermesX-Bold.otf]/OT:script=latn;language=dflt;-ss05;+t
num;+lnum;mapping=tex-text;" at 14.4pt
 -> TeXGyreTermesX-Bold.otf
LaTeX Font Info:    Font shape `TU/TeXGyreTermesX(0)/m/n' will be
(Font)              scaled to size 10.95pt on input line 81.
Requested font "[TeXGyreTermesX-Regular.otf]/OT:script=latn;language=dflt;-ss05
;+tnum;+lnum;mapping=tex-text;" at 10.95pt
 -> TeXGyreTermesX-Regular.otf
LaTeX Font Info:    Trying to load font information for OT1+minntx on input lin
e 82.

(ot1minntx.fd
File: ot1minntx.fd 2022/01/20 v1.0 font definition file for OT1/minntx
)
Requested font "ntx-Regular-tlf-ot1" at 10.95pt
 -> ntx-Regular-tlf-ot1
Package microtype Info: Loading generic protrusion settings for font family
(microtype)             `minntx' (encoding: OT1).
(microtype)             For optimal results, create family-specific settings.
(microtype)             See the microtype manual for details.
Requested font "ntx-Regular-tlf-ot1" at 8.0pt
 -> ntx-Regular-tlf-ot1
Requested font "ntx-Regular-tlf-ot1" at 6.1pt
 -> ntx-Regular-tlf-ot1
Requested font "ntxmi" at 10.95pt
 -> ntxmi
Requested font "ntxmi7" at 8.0pt
 -> ntxmi7
Requested font "ntxmi5" at 6.1pt
 -> ntxmi5
Requested font "ntxsy" at 10.95pt
 -> ntxsy
Requested font "ntxsy7" at 8.0pt
 -> ntxsy7
Requested font "ntxsy5" at 6.1pt
 -> ntxsy5
Requested font "ntxexx" at 10.95pt
 -> ntxexx
Requested font "ntxexx" at 8.0pt
 -> ntxexx
Requested font "ntxexx" at 6.1pt
 -> ntxexx
LaTeX Font Info:    Trying to load font information for U+ntxmia on input line 
82.
 (untxmia.fd
File: untxmia.fd 2018/04/14 Fontinst v1.933 font definitions for U/ntxmia.
)
Requested font "ntxmia" at 10.95pt
 -> ntxmia
Requested font "ntxmia" at 8.0pt
 -> ntxmia
Requested font "ntxmia" at 6.1pt
 -> ntxmia
LaTeX Font Info:    Trying to load font information for U+ntxsym on input line 
82.
 (untxsym.fd
File: untxsym.fd 2015/03/20 Fontinst v1.933 font definitions for U/ntxsym.
)
Requested font "ntxsym" at 10.95pt
 -> ntxsym
Requested font "ntxsym" at 8.0pt
 -> ntxsym
Requested font "ntxsym" at 6.1pt
 -> ntxsym
LaTeX Font Info:    Trying to load font information for U+ntxsyc on input line 
82.
 (untxsyc.fd
File: untxsyc.fd 2012/04/12 Fontinst v1.933 font definitions for U/ntxsyc.
)
Requested font "ntxsyc" at 10.95pt
 -> ntxsyc
Requested font "ntxsyc" at 8.0pt
 -> ntxsyc
Requested font "ntxsyc" at 6.1pt
 -> ntxsyc
Requested font "ntxexa" at 10.95pt
 -> ntxexa
Requested font "ntxexa" at 8.0pt
 -> ntxexa
Requested font "ntxexa" at 6.1pt
 -> ntxexa
Requested font "ntx-Bold-tlf-ot1" at 10.95pt
 -> ntx-Bold-tlf-ot1
Requested font "ntx-Bold-tlf-ot1" at 8.0pt
 -> ntx-Bold-tlf-ot1
Requested font "ntx-Bold-tlf-ot1" at 6.1pt
 -> ntx-Bold-tlf-ot1
Requested font "ntxbmi" at 10.95pt
 -> ntxbmi
Requested font "ntxbmi7" at 8.0pt
 -> ntxbmi7
Requested font "ntxbmi5" at 6.1pt
 -> ntxbmi5
Requested font "ntxbsy" at 10.95pt
 -> ntxbsy
Requested font "ntxbsy7" at 8.0pt
 -> ntxbsy7
Requested font "ntxbsy5" at 6.1pt
 -> ntxbsy5
Requested font "ntxbexx" at 10.95pt
 -> ntxbexx
Requested font "ntxbexx" at 8.0pt
 -> ntxbexx
Requested font "ntxbexx" at 6.1pt
 -> ntxbexx
Requested font "ntx-Regular-tlf-ot1" at 12.0pt
 -> ntx-Regular-tlf-ot1
Requested font "ntx-Regular-tlf-ot1" at 8.8pt
 -> ntx-Regular-tlf-ot1
Requested font "ntx-Regular-tlf-ot1" at 6.6pt
 -> ntx-Regular-tlf-ot1
Requested font "ntxmi" at 12.0pt
 -> ntxmi
Requested font "ntxmi" at 8.8pt
 -> ntxmi
Requested font "ntxmi7" at 6.6pt
 -> ntxmi7
Requested font "ntxsy" at 12.0pt
 -> ntxsy
Requested font "ntxsy" at 8.8pt
 -> ntxsy
Requested font "ntxsy7" at 6.6pt
 -> ntxsy7
Requested font "ntxexx" at 12.0pt
 -> ntxexx
Requested font "ntxexx" at 8.8pt
 -> ntxexx
Requested font "ntxexx" at 6.6pt
 -> ntxexx
Requested font "ntxmia" at 12.0pt
 -> ntxmia
Requested font "ntxmia" at 8.8pt
 -> ntxmia
Requested font "ntxmia" at 6.6pt
 -> ntxmia
Requested font "ntxsym" at 12.0pt
 -> ntxsym
Requested font "ntxsym" at 8.8pt
 -> ntxsym
Requested font "ntxsym" at 6.6pt
 -> ntxsym
Requested font "ntxsyc" at 12.0pt
 -> ntxsyc
Requested font "ntxsyc" at 8.8pt
 -> ntxsyc
Requested font "ntxsyc" at 6.6pt
 -> ntxsyc
Requested font "ntxexa" at 12.0pt
 -> ntxexa
Requested font "ntxexa" at 8.8pt
 -> ntxexa
Requested font "ntxexa" at 6.6pt
 -> ntxexa
Requested font "ntx-Bold-tlf-ot1" at 12.0pt
 -> ntx-Bold-tlf-ot1
Requested font "ntx-Bold-tlf-ot1" at 8.8pt
 -> ntx-Bold-tlf-ot1
Requested font "ntx-Bold-tlf-ot1" at 6.6pt
 -> ntx-Bold-tlf-ot1
Requested font "ntxbmi" at 12.0pt
 -> ntxbmi
Requested font "ntxbmi" at 8.8pt
 -> ntxbmi
Requested font "ntxbmi7" at 6.6pt
 -> ntxbmi7
Requested font "ntxbsy" at 12.0pt
 -> ntxbsy
Requested font "ntxbsy" at 8.8pt
 -> ntxbsy
Requested font "ntxbsy7" at 6.6pt
 -> ntxbsy7
Requested font "ntxbexx" at 12.0pt
 -> ntxbexx
Requested font "ntxbexx" at 8.8pt
 -> ntxbexx
Requested font "ntxbexx" at 6.6pt
 -> ntxbexx
LaTeX Font Info:    Font shape `TU/TeXGyreTermesX(0)/b/n' will be
(Font)              scaled to size 12.0pt on input line 98.
Requested font "[TeXGyreTermesX-Bold.otf]/OT:script=latn;language=dflt;-ss05;+t
num;+lnum;mapping=tex-text;" at 12.0pt
 -> TeXGyreTermesX-Bold.otf
LaTeX Font Info:    Font shape `TU/TeXGyreTermesX(0)/m/n' will be
(Font)              scaled to size 8.8pt on input line 116.
Requested font "[TeXGyreTermesX-Regular.otf]/OT:script=latn;language=dflt;-ss05
;+tnum;+lnum;mapping=tex-text;" at 8.8pt
 -> TeXGyreTermesX-Regular.otf
LaTeX Font Info:    Font shape `TU/TeXGyreTermesX(0)/m/n' will be
(Font)              scaled to size 6.6pt on input line 116.
Requested font "[TeXGyreTermesX-Regular.otf]/OT:script=latn;language=dflt;-ss05
;+tnum;+lnum;mapping=tex-text;" at 6.6pt
 -> TeXGyreTermesX-Regular.otf
LaTeX Font Info:    Font shape `TU/TeXGyreTermesX(0)/m/it' will be
(Font)              scaled to size 12.0pt on input line 149.
Requested font "[TeXGyreTermesX-Italic.otf]/OT:script=latn;language=dflt;-ss05;
+tnum;+lnum;mapping=tex-text;" at 12.0pt
 -> TeXGyreTermesX-Italic.otf
LaTeX Font Info:    Font shape `TU/TeXGyreTermesX(0)/m/n' will be
(Font)              scaled to size 10.0pt on input line 156.
Requested font "[TeXGyreTermesX-Regular.otf]/OT:script=latn;language=dflt;-ss05
;+tnum;+lnum;mapping=tex-text;" at 10.0pt
 -> TeXGyreTermesX-Regular.otf
LaTeX Font Info:    Font shape `TU/TeXGyreTermesX(0)/m/it' will be
(Font)              scaled to size 10.0pt on input line 156.
Requested font "[TeXGyreTermesX-Italic.otf]/OT:script=latn;language=dflt;-ss05;
+tnum;+lnum;mapping=tex-text;" at 10.0pt
 -> TeXGyreTermesX-Italic.otf
Requested font "ntx-Regular-tlf-ot1" at 10.0pt
 -> ntx-Regular-tlf-ot1
Requested font "ntx-Regular-tlf-ot1" at 7.3pt
 -> ntx-Regular-tlf-ot1
Requested font "ntx-Regular-tlf-ot1" at 5.5pt
 -> ntx-Regular-tlf-ot1
Requested font "ntxmi" at 10.0pt
 -> ntxmi
Requested font "ntxmi7" at 7.3pt
 -> ntxmi7
Requested font "ntxmi5" at 5.5pt
 -> ntxmi5
Requested font "ntxsy" at 10.0pt
 -> ntxsy
Requested font "ntxsy7" at 7.3pt
 -> ntxsy7
Requested font "ntxsy5" at 5.5pt
 -> ntxsy5
Requested font "ntxexx" at 10.0pt
 -> ntxexx
Requested font "ntxexx" at 7.3pt
 -> ntxexx
Requested font "ntxexx" at 5.5pt
 -> ntxexx
Requested font "ntxmia" at 10.0pt
 -> ntxmia
Requested font "ntxmia" at 7.3pt
 -> ntxmia
Requested font "ntxmia" at 5.5pt
 -> ntxmia
Requested font "ntxsym" at 10.0pt
 -> ntxsym
Requested font "ntxsym" at 7.3pt
 -> ntxsym
Requested font "ntxsym" at 5.5pt
 -> ntxsym
Requested font "ntxsyc" at 10.0pt
 -> ntxsyc
Requested font "ntxsyc" at 7.3pt
 -> ntxsyc
Requested font "ntxsyc" at 5.5pt
 -> ntxsyc
Requested font "ntxexa" at 10.0pt
 -> ntxexa
Requested font "ntxexa" at 7.3pt
 -> ntxexa
Requested font "ntxexa" at 5.5pt
 -> ntxexa
Requested font "ntx-Bold-tlf-ot1" at 10.0pt
 -> ntx-Bold-tlf-ot1
Requested font "ntx-Bold-tlf-ot1" at 7.3pt
 -> ntx-Bold-tlf-ot1
Requested font "ntx-Bold-tlf-ot1" at 5.5pt
 -> ntx-Bold-tlf-ot1
Requested font "ntxbmi" at 10.0pt
 -> ntxbmi
Requested font "ntxbmi7" at 7.3pt
 -> ntxbmi7
Requested font "ntxbmi5" at 5.5pt
 -> ntxbmi5
Requested font "ntxbsy" at 10.0pt
 -> ntxbsy
Requested font "ntxbsy7" at 7.3pt
 -> ntxbsy7
Requested font "ntxbsy5" at 5.5pt
 -> ntxbsy5
Requested font "ntxbexx" at 10.0pt
 -> ntxbexx
Requested font "ntxbexx" at 7.3pt
 -> ntxbexx
Requested font "ntxbexx" at 5.5pt
 -> ntxbexx
 [1

]
Requested font "[lmmono12-regular]:" at 12.0pt
 -> lmmono12-regular
Package microtype Info: Loading generic protrusion settings for font family
(microtype)             `lmtt' (encoding: TU).
(microtype)             For optimal results, create family-specific settings.
(microtype)             See the microtype manual for details.
Requested font "[lmmono10-regular]:" at 10.0pt
 -> lmmono10-regular
Requested font "[lmmono10-italic]:" at 10.0pt
 -> lmmono10-italic
File: figs//task1f_trajectories.png Graphic file (type bmp)
<figs//task1f_trajectories.png>
LaTeX Font Info:    Font shape `TU/TeXGyreTermesX(0)/b/n' will be
(Font)              scaled to size 10.95pt on input line 184.
Requested font "[TeXGyreTermesX-Bold.otf]/OT:script=latn;language=dflt;-ss05;+t
num;+lnum;mapping=tex-text;" at 10.95pt
 -> TeXGyreTermesX-Bold.otf
 [2]
File: figs//task1h_trajectories.png Graphic file (type bmp)
<figs//task1h_trajectories.png>
 [3]

Package hyperref Warning: Token not allowed in a PDF string (Unicode):
(hyperref)                removing `math shift' on input line 287.


Package hyperref Warning: Token not allowed in a PDF string (Unicode):
(hyperref)                removing `superscript' on input line 287.


Package hyperref Warning: Token not allowed in a PDF string (Unicode):
(hyperref)                removing `\leavevmode@ifvmode' on input line 287.


Package hyperref Warning: Token not allowed in a PDF string (Unicode):
(hyperref)                \kern -2.00043pt
(hyperref)                removed on input line 287.


Package hyperref Warning: Token not allowed in a PDF string (Unicode):
(hyperref)                removing `\top' on input line 287.


Package hyperref Warning: Token not allowed in a PDF string (Unicode):
(hyperref)                removing `math shift' on input line 287.


Package hyperref Warning: Token not allowed in a PDF string (Unicode):
(hyperref)                removing `math shift' on input line 287.


Package hyperref Warning: Token not allowed in a PDF string (Unicode):
(hyperref)                removing `superscript' on input line 287.


Package hyperref Warning: Token not allowed in a PDF string (Unicode):
(hyperref)                removing `\leavevmode@ifvmode' on input line 287.


Package hyperref Warning: Token not allowed in a PDF string (Unicode):
(hyperref)                \kern -2.00043pt
(hyperref)                removed on input line 287.


Package hyperref Warning: Token not allowed in a PDF string (Unicode):
(hyperref)                removing `\top' on input line 287.


Package hyperref Warning: Token not allowed in a PDF string (Unicode):
(hyperref)                removing `math shift' on input line 287.

LaTeX Font Info:    Font shape `TU/TeXGyreTermesX(0)/b/n' will be
(Font)              scaled to size 10.0pt on input line 318.
Requested font "[TeXGyreTermesX-Bold.otf]/OT:script=latn;language=dflt;-ss05;+t
num;+lnum;mapping=tex-text;" at 10.0pt
 -> TeXGyreTermesX-Bold.otf
[4]
File: figs//q3a_part_i.png Graphic file (type bmp)
<figs//q3a_part_i.png>
File: figs//q3a_part_ii_clusters.png Graphic file (type bmp)
<figs//q3a_part_ii_clusters.png>
File: figs//q3b_variance.png Graphic file (type bmp)
<figs//q3b_variance.png>

Underfull \hbox (badness 1571) in paragraph at lines 405--405
\TU/TeXGyreTermesX(0)/m/n/10.95 frequencies, with the maximum at $\OML/ntxmi/m/
it/10.95 j[] \U/ntxmia/m/it/10.95 = \OT1/minntx/m/n/10.95 910$
 []

[5]
File: figs//q3c_spectrum.png Graphic file (type bmp)
<figs//q3c_spectrum.png>
 [6]
File: figs//q3d_v1_vs_row.png Graphic file (type bmp)
<figs//q3d_v1_vs_row.png>
 [7]
File: figs//q3e_covariance_scatter.png Graphic file (type bmp)
<figs//q3e_covariance_scatter.png>
File: figs//q3g_compare.png Graphic file (type bmp)
<figs//q3g_compare.png>
 [8]
File: figs//q3h_clusters.png Graphic file (type bmp)
<figs//q3h_clusters.png>

Underfull \hbox (badness 2326) in paragraph at lines 618--618
\TU/TeXGyreTermesX(0)/m/n/10.95 groups in the leading covariance-score
 []

LaTeX Font Info:    Font shape `TU/TeXGyreTermesX(0)/m/it' will be
(Font)              scaled to size 10.95pt on input line 630.
Requested font "[TeXGyreTermesX-Italic.otf]/OT:script=latn;language=dflt;-ss05;
+tnum;+lnum;mapping=tex-text;" at 10.95pt
 -> TeXGyreTermesX-Italic.otf
[9] [10] (SIMC2026_Submission_Q1_Q2_Q3.aux)
Package rerunfilecheck Info: File `SIMC2026_Submission_Q1_Q2_Q3.out' has not ch
anged.
(rerunfilecheck)             Checksum: 64959E1177DDC71E12EC0CCB41599371;6703.
 )
Output written on SIMC2026_Submission_Q1_Q2_Q3.xdv (10 pages, 370920 bytes).
